<?xml version="1.0" encoding="UTF-8"?>
<testng-results ignored="0" total="2" passed="2" failed="0" skipped="0">
  <reporter-output>
  </reporter-output>
  <suite started-at="2022-03-09T14:11:37 MSK" name="Surefire suite" finished-at="2022-03-09T14:11:43 MSK" duration-ms="5726">
    <groups>
    </groups>
    <test started-at="2022-03-09T14:11:37 MSK" name="Surefire test" finished-at="2022-03-09T14:11:43 MSK" duration-ms="5726">
      <class name="com.epam.EnvironmentTest">
        <test-method signature="openSearchPageTest()[pri:0, instance:com.epam.EnvironmentTest@26a7b76d]" started-at="2022-03-09T14:11:37 MSK" name="openSearchPageTest" finished-at="2022-03-09T14:11:43 MSK" duration-ms="5690" status="PASS">
          <reporter-output>
          </reporter-output>
        </test-method> <!-- openSearchPageTest -->
      </class> <!-- com.epam.EnvironmentTest -->
      <class name="com.epam.BubbleSortTest">
        <test-method signature="bubbleSortTest()[pri:0, instance:com.epam.BubbleSortTest@7a9273a8]" started-at="2022-03-09T14:11:37 MSK" name="bubbleSortTest" finished-at="2022-03-09T14:11:37 MSK" duration-ms="6" status="PASS">
          <reporter-output>
          </reporter-output>
        </test-method> <!-- bubbleSortTest -->
      </class> <!-- com.epam.BubbleSortTest -->
    </test> <!-- Surefire test -->
  </suite> <!-- Surefire suite -->
</testng-results>
