<?xml version="1.0" encoding="UTF-8"?>
<testng-results ignored="0" total="1" passed="1" failed="0" skipped="0">
  <reporter-output>
  </reporter-output>
  <suite started-at="2022-03-09T10:50:55 MSK" name="Surefire suite" finished-at="2022-03-09T10:50:59 MSK" duration-ms="4265">
    <groups>
    </groups>
    <test started-at="2022-03-09T10:50:55 MSK" name="Surefire test" finished-at="2022-03-09T10:50:59 MSK" duration-ms="4265">
      <class name="com.epam.GoogleTest">
        <test-method signature="openGoogleSearchPage()[pri:0, instance:com.epam.GoogleTest@687080dc]" started-at="2022-03-09T10:50:55 MSK" name="openGoogleSearchPage" finished-at="2022-03-09T10:50:59 MSK" duration-ms="4244" status="PASS">
          <reporter-output>
          </reporter-output>
        </test-method> <!-- openGoogleSearchPage -->
      </class> <!-- com.epam.GoogleTest -->
    </test> <!-- Surefire test -->
  </suite> <!-- Surefire suite -->
</testng-results>
